INFO	2024-04-26 12:12:18,497	loading species tree from SpeciesTree.txt
INFO	2024-04-26 12:12:18,497	loading candidate adjacencies from AdjacenciesExample1.txt, using "_" to separate gene family from uniquifying identifier
INFO	2024-04-26 12:12:18,498	identified 6 candidate telomeres in genome A
INFO	2024-04-26 12:12:18,498	identified 0 candidate telomeres in genome B
INFO	2024-04-26 12:12:18,499	identified 2 candidate telomeres in genome C
INFO	2024-04-26 12:12:18,499	constructing relational diagrams for all 2 branches of the tree
INFO	2024-04-26 12:12:18,502	identified 0 circular singleton candidates
INFO	2024-04-26 12:12:18,503	identified 0 circular singleton candidates
INFO	2024-04-26 12:12:18,503	writing objective over all graphs
INFO	2024-04-26 12:12:18,503	writing constraints...
INFO	2024-04-26 12:12:18,503	writing constraints for relational diagram of A and B
INFO	2024-04-26 12:12:18,505	writing constraints for relational diagram of A and C
INFO	2024-04-26 12:12:18,507	writing domains...
INFO	2024-04-26 12:12:18,507	writing domains for relational diagram of A and B
INFO	2024-04-26 12:12:18,507	writing domains for relational diagram of A and C
INFO	2024-04-26 12:12:18,507	writing variables...
INFO	2024-04-26 12:12:18,507	writing general variables for relational diagram of A and B
INFO	2024-04-26 12:12:18,507	writing general variables for relational diagram of A and C
INFO	2024-04-26 12:12:18,507	writing binary variables for relational diagram of A and B
INFO	2024-04-26 12:12:18,507	writing binary variables for relational diagram of A and C
INFO	2024-04-26 12:12:18,507	writing ID-to-gene extremity mapping to Example1.idmap
INFO	2024-04-26 12:12:18,508	DONE
